2019-02-22 20:22:22,025 ------------------------------------- Experiment 1 -------------------------------------
2019-02-22 20:22:22,034 Initialize layers and save as data/initial_layers_1.npy
2019-02-22 20:22:22,034 ----------------------------------------------------------------------------------------
2019-02-22 20:22:22,034 ------------ Integer order CNN with mini batch ------------
2019-02-22 20:22:22,034 Initial weights: FC [-0.1, 0.1], CONV [-0.1, 0.1]
2019-02-22 20:22:22,034 Initial bias: FC [-0.1, 0.1], CONV [-0.1, 0.1]
2019-02-22 20:22:22,034 Batch size: 10
2019-02-22 20:22:22,034 Learning rate: 0.1
2019-02-22 20:38:01,486 Epoch [0] Iteration [600]: loss = 0.09278455567952532 accuracy = 1.0
2019-02-22 20:53:39,668 Epoch [0] Iteration [1200]: loss = 0.5172222223157802 accuracy = 0.7
2019-02-22 21:09:17,993 Epoch [0] Iteration [1800]: loss = 0.12499301047128844 accuracy = 1.0
2019-02-22 21:24:58,419 Epoch [0] Iteration [2400]: loss = 0.08259077489558288 accuracy = 1.0
2019-02-22 21:40:38,226 Epoch [0] Iteration [3000]: loss = 0.025282104289732515 accuracy = 1.0
2019-02-22 21:56:16,695 Epoch [0] Iteration [3600]: loss = 0.5068539606624334 accuracy = 0.9
2019-02-22 22:11:56,126 Epoch [0] Iteration [4200]: loss = 0.054632695192756264 accuracy = 1.0
2019-02-22 22:27:39,449 Epoch [0] Iteration [4800]: loss = 0.006165913964619349 accuracy = 1.0
2019-02-22 22:43:22,759 Epoch [0] Iteration [5400]: loss = 0.04188088797719172 accuracy = 1.0
2019-02-22 22:58:58,233 Epoch [0] Iteration [6000]: loss = 0.8467743556371472 accuracy = 0.7
2019-02-22 23:16:26,657 Epoch [0] average_loss = 0.22001865935460235 average_accuracy = 0.92765
2019-02-22 23:16:26,671 Epoch [0] train_loss = 0.06612107488904582 train_accuracy = 0.9809
2019-02-22 23:16:26,671 Epoch [0] test_accuracy = 0.9778
2019-02-22 23:16:26,673 

